<?xml version="1.0" encoding="UTF-8"?>
<!-- Generated by org.testng.reporters.JUnitReportReporter -->
<testsuite skipped="0" hostname="DESKTOP-BP7NV3R" name="testng.DataProvider1" tests="3" failures="0" timestamp="2021-09-14T12:29:28 IST" time="0.026" errors="0">
  <testcase name="tc" time="0.019" classname="testng.DataProvider1"/>
  <system-out>
    <![CDATA[UserA  A]]>
  </system-out>
  <testcase name="tc" time="0.004" classname="testng.DataProvider1"/>
  <system-out>
    <![CDATA[UserC  C]]>
  </system-out>
  <testcase name="tc" time="0.003" classname="testng.DataProvider1"/>
  <system-out>
    <![CDATA[UserB  B]]>
  </system-out>
</testsuite> <!-- testng.DataProvider1 -->
