<?xml version="1.0" encoding="UTF-8"?>
<!-- Generated by org.testng.reporters.JUnitReportReporter -->
<testsuite hostname="DESKTOP-0TU07RR" failures="0" tests="3" name="testng.DependsOnMethod" time="0.023" errors="0" timestamp="2023-03-20T17:10:45 IST" skipped="0">
  <testcase classname="testng.DependsOnMethod" name="chat" time="0.003"/>
  <system-out>
    <![CDATA[chat]]>
  </system-out>
  <testcase classname="testng.DependsOnMethod" name="logout" time="0.003"/>
  <system-out>
    <![CDATA[logout]]>
  </system-out>
  <testcase classname="testng.DependsOnMethod" name="login" time="0.017"/>
  <system-out>
    <![CDATA[login]]>
  </system-out>
</testsuite> <!-- testng.DependsOnMethod -->
