<?xml version="1.0" encoding="UTF-8"?>
<!-- Generated by org.testng.reporters.JUnitReportReporter -->
<testsuite skipped="0" hostname="DESKTOP-BP7NV3R" name="testng.BMAM" tests="2" failures="0" timestamp="2021-09-13T10:16:31 IST" time="39.576" errors="0">
  <testcase name="tc2" time="19.728" classname="testng.BMAM"/>
  <system-out>
    <![CDATA[Test2]]>
  </system-out>
  <testcase name="tc1" time="19.848" classname="testng.BMAM"/>
  <system-out>
    <![CDATA[Test1]]>
  </system-out>
</testsuite> <!-- testng.BMAM -->
