<?xml version="1.0" encoding="UTF-8"?>
<!-- Generated by org.testng.reporters.JUnitReportReporter -->
<testsuite skipped="0" hostname="DESKTOP-BP7NV3R" name="testng.Invocation" tests="5" failures="0" timestamp="2021-09-14T12:23:05 IST" time="0.041" errors="0">
  <testcase name="tc1" time="0.006" classname="testng.Invocation"/>
  <system-out>
    <![CDATA[hiii1]]>
  </system-out>
  <testcase name="tc1" time="0.006" classname="testng.Invocation"/>
  <system-out>
    <![CDATA[hiii1]]>
  </system-out>
  <testcase name="tc1" time="0.005" classname="testng.Invocation"/>
  <system-out>
    <![CDATA[hiii1]]>
  </system-out>
  <testcase name="tc1" time="0.022" classname="testng.Invocation"/>
  <system-out>
    <![CDATA[hiii1]]>
  </system-out>
  <testcase name="tc1" time="0.002" classname="testng.Invocation"/>
  <system-out>
    <![CDATA[hiii1]]>
  </system-out>
</testsuite> <!-- testng.Invocation -->
