<?xml version="1.0" encoding="UTF-8"?>
<!-- Generated by org.testng.reporters.JUnitReportReporter -->
<testsuite skipped="0" hostname="DESKTOP-BP7NV3R" name="testng.Blustone1" tests="3" failures="0" timestamp="2021-09-13T09:56:16 IST" time="62.427" errors="0">
  <testcase name="tc1" time="20.288" classname="testng.Blustone1"/>
  <system-out>
    <![CDATA[Test1]]>
  </system-out>
  <testcase name="tc2" time="20.180" classname="testng.Blustone1"/>
  <system-out>
    <![CDATA[Test2]]>
  </system-out>
  <testcase name="tc3" time="21.959" classname="testng.Blustone1"/>
  <system-out>
    <![CDATA[Test3]]>
  </system-out>
</testsuite> <!-- testng.Blustone1 -->
