<?xml version="1.0" encoding="UTF-8"?>
<!-- Generated by org.testng.reporters.JUnitReportReporter -->
<testsuite hostname="DESKTOP-0TU07RR" failures="0" tests="1" name="testng.Assert1" time="0.023" errors="0" timestamp="2023-03-19T09:44:57 IST" skipped="0">
  <testcase classname="testng.Assert1" name="tc1" time="0.023"/>
  <system-out>
    <![CDATA[Matched1
Matched2
Matched3
1]]>
  </system-out>
</testsuite> <!-- testng.Assert1 -->
