<?xml version="1.0" encoding="UTF-8"?>
<!-- Generated by org.testng.reporters.JUnitReportReporter -->
<testsuite skipped="1" hostname="DESKTOP-BP7NV3R" name="testng.Enable" tests="3" failures="0" timestamp="2021-09-14T12:25:58 IST" time="0.039" errors="0">
  <testcase name="tc3" time="0.035" classname="testng.Enable"/>
  <system-out>
    <![CDATA[hi3]]>
  </system-out>
  <testcase name="tc1" time="0.004" classname="testng.Enable"/>
  <system-out>
    <![CDATA[hi1]]>
  </system-out>
  <testcase name="tc2" classname="testng.Enable">
    <skipped/>
  </testcase> <!-- tc2 -->
  <system-out/>
</testsuite> <!-- testng.Enable -->
